Performing C++ SOURCE FILE Test HAVE_STD_ATOMIC failed with the following output:
Change Dir: /Users/perfaram/Audio-Frameworks/TagLib/CMakeFiles/CMakeTmp

Run Build Command:"/usr/bin/xcodebuild" "-project" "CMAKE_TRY_COMPILE.xcodeproj" "build" "-target" "cmTC_24867" "-configuration" "Debug"
2016-05-21 08:50:15.952 xcodebuild[86304:1984611] [MT] PluginLoading: Required plug-in compatibility UUID ACA8656B-FEA8-4B6D-8E4A-93F4C95C362C for plug-in at path '~/Library/Application Support/Developer/Shared/Xcode/Plug-ins/ROTools.xcplugin' not present in DVTPlugInCompatibilityUUIDs
2016-05-21 08:50:15.955 xcodebuild[86304:1984611] [MT] PluginLoading: Required plug-in compatibility UUID ACA8656B-FEA8-4B6D-8E4A-93F4C95C362C for plug-in at path '~/Library/Application Support/Developer/Shared/Xcode/Plug-ins/BetaWarpaint.xcplugin' not present in DVTPlugInCompatibilityUUIDs
2016-05-21 08:50:15.956 xcodebuild[86304:1984611] [MT] PluginLoading: Required plug-in compatibility UUID ACA8656B-FEA8-4B6D-8E4A-93F4C95C362C for plug-in at path '~/Library/Application Support/Developer/Shared/Xcode/Plug-ins/ACCodeSnippetRepository.xcplugin' not present in DVTPlugInCompatibilityUUIDs
objc[86304]: Class AspectTracker is implemented in both /Users/perfaram/Library/Application Support/Developer/Shared/Xcode/Plug-ins/PreciseCoverage.xcplugin/Contents/MacOS/PreciseCoverage and /Users/perfaram/Library/Application Support/Developer/Shared/Xcode/Plug-ins/HTYCopyIssue.xcplugin/Contents/MacOS/HTYCopyIssue. One of the two will be used. Which one is undefined.
objc[86304]: Class AspectIdentifier is implemented in both /Users/perfaram/Library/Application Support/Developer/Shared/Xcode/Plug-ins/PreciseCoverage.xcplugin/Contents/MacOS/PreciseCoverage and /Users/perfaram/Library/Application Support/Developer/Shared/Xcode/Plug-ins/HTYCopyIssue.xcplugin/Contents/MacOS/HTYCopyIssue. One of the two will be used. Which one is undefined.
objc[86304]: Class AspectsContainer is implemented in both /Users/perfaram/Library/Application Support/Developer/Shared/Xcode/Plug-ins/PreciseCoverage.xcplugin/Contents/MacOS/PreciseCoverage and /Users/perfaram/Library/Application Support/Developer/Shared/Xcode/Plug-ins/HTYCopyIssue.xcplugin/Contents/MacOS/HTYCopyIssue. One of the two will be used. Which one is undefined.
objc[86304]: Class AspectInfo is implemented in both /Users/perfaram/Library/Application Support/Developer/Shared/Xcode/Plug-ins/PreciseCoverage.xcplugin/Contents/MacOS/PreciseCoverage and /Users/perfaram/Library/Application Support/Developer/Shared/Xcode/Plug-ins/HTYCopyIssue.xcplugin/Contents/MacOS/HTYCopyIssue. One of the two will be used. Which one is undefined.
=== BUILD TARGET cmTC_24867 OF PROJECT CMAKE_TRY_COMPILE WITH CONFIGURATION Debug ===

Check dependencies

Write auxiliary files
/bin/mkdir -p /Users/perfaram/Audio-Frameworks/TagLib/CMakeFiles/CMakeTmp/CMAKE_TRY_COMPILE.build/Debug/cmTC_24867.build/Objects-normal/x86_64
write-file /Users/perfaram/Audio-Frameworks/TagLib/CMakeFiles/CMakeTmp/CMAKE_TRY_COMPILE.build/Debug/cmTC_24867.build/Objects-normal/x86_64/cmTC_24867.LinkFileList

CompileC CMAKE_TRY_COMPILE.build/Debug/cmTC_24867.build/Objects-normal/x86_64/src.o src.cxx normal x86_64 c++ com.apple.compilers.llvm.clang.1_0.compiler
    cd /Users/perfaram/Audio-Frameworks/TagLib/CMakeFiles/CMakeTmp
    export LANG=en_US.US-ASCII
    /Applications/Xcode.app/Contents/Developer/Toolchains/XcodeDefault.xctoolchain/usr/bin/clang -x c++ -arch x86_64 -fmessage-length=0 -fdiagnostics-show-note-include-stack -fmacro-backtrace-limit=0 -Wno-trigraphs -fpascal-strings -O0 -Wno-missing-field-initializers -Wno-missing-prototypes -Wno-return-type -Wno-non-virtual-dtor -Wno-overloaded-virtual -Wno-exit-time-destructors -Wno-missing-braces -Wparentheses -Wswitch -Wno-unused-function -Wno-unused-label -Wno-unused-parameter -Wno-unused-variable -Wunused-value -Wno-empty-body -Wno-uninitialized -Wno-unknown-pragmas -Wno-shadow -Wno-four-char-constants -Wno-conversion -Wno-constant-conversion -Wno-int-conversion -Wno-bool-conversion -Wno-enum-conversion -Wno-shorten-64-to-32 -Wno-newline-eof -Wno-c++11-extensions -DCMAKE_INTDIR=\"Debug\" -isysroot /Applications/Xcode.app/Contents/Developer/Platforms/MacOSX.platform/Developer/SDKs/MacOSX10.11.sdk -fasm-blocks -fstrict-aliasing -Wdeprecated-declarations -Winvalid-offsetof -mmacosx-version-min=10.11 -g -Wno-sign-conversion -I/Users/perfaram/Audio-Frameworks/TagLib/CMakeFiles/CMakeTmp/Debug/include -I/usr/local/include -I/Users/perfaram/Audio-Frameworks/TagLib/CMakeFiles/CMakeTmp/CMAKE_TRY_COMPILE.build/Debug/cmTC_24867.build/DerivedSources/x86_64 -I/Users/perfaram/Audio-Frameworks/TagLib/CMakeFiles/CMakeTmp/CMAKE_TRY_COMPILE.build/Debug/cmTC_24867.build/DerivedSources -Wmost -Wno-four-char-constants -Wno-unknown-pragmas -F/Users/perfaram/Audio-Frameworks/TagLib/CMakeFiles/CMakeTmp/Debug -DHAVE_STD_ATOMIC -MMD -MT dependencies -MF /Users/perfaram/Audio-Frameworks/TagLib/CMakeFiles/CMakeTmp/CMAKE_TRY_COMPILE.build/Debug/cmTC_24867.build/Objects-normal/x86_64/src.d --serialize-diagnostics /Users/perfaram/Audio-Frameworks/TagLib/CMakeFiles/CMakeTmp/CMAKE_TRY_COMPILE.build/Debug/cmTC_24867.build/Objects-normal/x86_64/src.dia -c /Users/perfaram/Audio-Frameworks/TagLib/CMakeFiles/CMakeTmp/src.cxx -o /Users/perfaram/Audio-Frameworks/TagLib/CMakeFiles/CMakeTmp/CMAKE_TRY_COMPILE.build/Debug/cmTC_24867.build/Objects-normal/x86_64/src.o
In file included from /Users/perfaram/Audio-Frameworks/TagLib/CMakeFiles/CMakeTmp/src.cxx:2:
/Applications/Xcode.app/Contents/Developer/Toolchains/XcodeDefault.xctoolchain/usr/bin/../include/c++/v1/atomic:543:2: error: <atomic> is not implemented
#error <atomic> is not implemented
 ^
/Users/perfaram/Audio-Frameworks/TagLib/CMakeFiles/CMakeTmp/src.cxx:4:10: error: no member named 'atomic' in namespace 'std'
    std::atomic<unsigned int> x;
    ~~~~~^
/Users/perfaram/Audio-Frameworks/TagLib/CMakeFiles/CMakeTmp/src.cxx:4:26: error: expected '(' for function-style cast or type construction
    std::atomic<unsigned int> x;
                ~~~~~~~~ ^
/Users/perfaram/Audio-Frameworks/TagLib/CMakeFiles/CMakeTmp/src.cxx:5:5: error: use of undeclared identifier 'x'
    x.fetch_add(1);
    ^
/Users/perfaram/Audio-Frameworks/TagLib/CMakeFiles/CMakeTmp/src.cxx:6:5: error: use of undeclared identifier 'x'
    x.fetch_sub(1);
    ^
5 errors generated.

Ld Debug/cmTC_24867 normal x86_64
    cd /Users/perfaram/Audio-Frameworks/TagLib/CMakeFiles/CMakeTmp
    export MACOSX_DEPLOYMENT_TARGET=10.11
    /Applications/Xcode.app/Contents/Developer/Toolchains/XcodeDefault.xctoolchain/usr/bin/clang++ -arch x86_64 -isysroot /Applications/Xcode.app/Contents/Developer/Platforms/MacOSX.platform/Developer/SDKs/MacOSX10.11.sdk -L/Users/perfaram/Audio-Frameworks/TagLib/CMakeFiles/CMakeTmp/Debug -F/Users/perfaram/Audio-Frameworks/TagLib/CMakeFiles/CMakeTmp/Debug -filelist /Users/perfaram/Audio-Frameworks/TagLib/CMakeFiles/CMakeTmp/CMAKE_TRY_COMPILE.build/Debug/cmTC_24867.build/Objects-normal/x86_64/cmTC_24867.LinkFileList -mmacosx-version-min=10.11 -Xlinker -no_deduplicate -Wl,-search_paths_first -Wl,-headerpad_max_install_names -Xlinker -dependency_info -Xlinker /Users/perfaram/Audio-Frameworks/TagLib/CMakeFiles/CMakeTmp/CMAKE_TRY_COMPILE.build/Debug/cmTC_24867.build/Objects-normal/x86_64/cmTC_24867_dependency_info.dat -o /Users/perfaram/Audio-Frameworks/TagLib/CMakeFiles/CMakeTmp/Debug/cmTC_24867
ld: file not found: /Users/perfaram/Audio-Frameworks/TagLib/CMakeFiles/CMakeTmp/CMAKE_TRY_COMPILE.build/Debug/cmTC_24867.build/Objects-normal/x86_64/src.o
clang: error: linker command failed with exit code 1 (use -v to see invocation)

** BUILD FAILED **


The following build commands failed:
	CompileC CMAKE_TRY_COMPILE.build/Debug/cmTC_24867.build/Objects-normal/x86_64/src.o src.cxx normal x86_64 c++ com.apple.compilers.llvm.clang.1_0.compiler
	Ld Debug/cmTC_24867 normal x86_64
(2 failures)

Source file was:

  #include <atomic>
  int main() {
    std::atomic<unsigned int> x;
    x.fetch_add(1);
    x.fetch_sub(1);
    return 0;
  }

Performing C++ SOURCE FILE Test HAVE_ISO_STRDUP failed with the following output:
Change Dir: /Users/perfaram/Audio-Frameworks/TagLib/CMakeFiles/CMakeTmp

Run Build Command:"/usr/bin/xcodebuild" "-project" "CMAKE_TRY_COMPILE.xcodeproj" "build" "-target" "cmTC_c2644" "-configuration" "Debug"
2016-05-21 08:50:18.762 xcodebuild[86359:1984774] [MT] PluginLoading: Required plug-in compatibility UUID ACA8656B-FEA8-4B6D-8E4A-93F4C95C362C for plug-in at path '~/Library/Application Support/Developer/Shared/Xcode/Plug-ins/ROTools.xcplugin' not present in DVTPlugInCompatibilityUUIDs
2016-05-21 08:50:18.765 xcodebuild[86359:1984774] [MT] PluginLoading: Required plug-in compatibility UUID ACA8656B-FEA8-4B6D-8E4A-93F4C95C362C for plug-in at path '~/Library/Application Support/Developer/Shared/Xcode/Plug-ins/BetaWarpaint.xcplugin' not present in DVTPlugInCompatibilityUUIDs
2016-05-21 08:50:18.766 xcodebuild[86359:1984774] [MT] PluginLoading: Required plug-in compatibility UUID ACA8656B-FEA8-4B6D-8E4A-93F4C95C362C for plug-in at path '~/Library/Application Support/Developer/Shared/Xcode/Plug-ins/ACCodeSnippetRepository.xcplugin' not present in DVTPlugInCompatibilityUUIDs
objc[86359]: Class AspectTracker is implemented in both /Users/perfaram/Library/Application Support/Developer/Shared/Xcode/Plug-ins/PreciseCoverage.xcplugin/Contents/MacOS/PreciseCoverage and /Users/perfaram/Library/Application Support/Developer/Shared/Xcode/Plug-ins/HTYCopyIssue.xcplugin/Contents/MacOS/HTYCopyIssue. One of the two will be used. Which one is undefined.
objc[86359]: Class AspectIdentifier is implemented in both /Users/perfaram/Library/Application Support/Developer/Shared/Xcode/Plug-ins/PreciseCoverage.xcplugin/Contents/MacOS/PreciseCoverage and /Users/perfaram/Library/Application Support/Developer/Shared/Xcode/Plug-ins/HTYCopyIssue.xcplugin/Contents/MacOS/HTYCopyIssue. One of the two will be used. Which one is undefined.
objc[86359]: Class AspectsContainer is implemented in both /Users/perfaram/Library/Application Support/Developer/Shared/Xcode/Plug-ins/PreciseCoverage.xcplugin/Contents/MacOS/PreciseCoverage and /Users/perfaram/Library/Application Support/Developer/Shared/Xcode/Plug-ins/HTYCopyIssue.xcplugin/Contents/MacOS/HTYCopyIssue. One of the two will be used. Which one is undefined.
objc[86359]: Class AspectInfo is implemented in both /Users/perfaram/Library/Application Support/Developer/Shared/Xcode/Plug-ins/PreciseCoverage.xcplugin/Contents/MacOS/PreciseCoverage and /Users/perfaram/Library/Application Support/Developer/Shared/Xcode/Plug-ins/HTYCopyIssue.xcplugin/Contents/MacOS/HTYCopyIssue. One of the two will be used. Which one is undefined.
=== BUILD TARGET cmTC_c2644 OF PROJECT CMAKE_TRY_COMPILE WITH CONFIGURATION Debug ===

Check dependencies

Write auxiliary files
/bin/mkdir -p /Users/perfaram/Audio-Frameworks/TagLib/CMakeFiles/CMakeTmp/CMAKE_TRY_COMPILE.build/Debug/cmTC_c2644.build/Objects-normal/x86_64
write-file /Users/perfaram/Audio-Frameworks/TagLib/CMakeFiles/CMakeTmp/CMAKE_TRY_COMPILE.build/Debug/cmTC_c2644.build/Objects-normal/x86_64/cmTC_c2644.LinkFileList

CompileC CMAKE_TRY_COMPILE.build/Debug/cmTC_c2644.build/Objects-normal/x86_64/src.o src.cxx normal x86_64 c++ com.apple.compilers.llvm.clang.1_0.compiler
    cd /Users/perfaram/Audio-Frameworks/TagLib/CMakeFiles/CMakeTmp
    export LANG=en_US.US-ASCII
    /Applications/Xcode.app/Contents/Developer/Toolchains/XcodeDefault.xctoolchain/usr/bin/clang -x c++ -arch x86_64 -fmessage-length=0 -fdiagnostics-show-note-include-stack -fmacro-backtrace-limit=0 -Wno-trigraphs -fpascal-strings -O0 -Wno-missing-field-initializers -Wno-missing-prototypes -Wno-return-type -Wno-non-virtual-dtor -Wno-overloaded-virtual -Wno-exit-time-destructors -Wno-missing-braces -Wparentheses -Wswitch -Wno-unused-function -Wno-unused-label -Wno-unused-parameter -Wno-unused-variable -Wunused-value -Wno-empty-body -Wno-uninitialized -Wno-unknown-pragmas -Wno-shadow -Wno-four-char-constants -Wno-conversion -Wno-constant-conversion -Wno-int-conversion -Wno-bool-conversion -Wno-enum-conversion -Wno-shorten-64-to-32 -Wno-newline-eof -Wno-c++11-extensions -DCMAKE_INTDIR=\"Debug\" -isysroot /Applications/Xcode.app/Contents/Developer/Platforms/MacOSX.platform/Developer/SDKs/MacOSX10.11.sdk -fasm-blocks -fstrict-aliasing -Wdeprecated-declarations -Winvalid-offsetof -mmacosx-version-min=10.11 -g -Wno-sign-conversion -I/Users/perfaram/Audio-Frameworks/TagLib/CMakeFiles/CMakeTmp/Debug/include -I/usr/local/include -I/Users/perfaram/Audio-Frameworks/TagLib/CMakeFiles/CMakeTmp/CMAKE_TRY_COMPILE.build/Debug/cmTC_c2644.build/DerivedSources/x86_64 -I/Users/perfaram/Audio-Frameworks/TagLib/CMakeFiles/CMakeTmp/CMAKE_TRY_COMPILE.build/Debug/cmTC_c2644.build/DerivedSources -Wmost -Wno-four-char-constants -Wno-unknown-pragmas -F/Users/perfaram/Audio-Frameworks/TagLib/CMakeFiles/CMakeTmp/Debug -DHAVE_ISO_STRDUP -MMD -MT dependencies -MF /Users/perfaram/Audio-Frameworks/TagLib/CMakeFiles/CMakeTmp/CMAKE_TRY_COMPILE.build/Debug/cmTC_c2644.build/Objects-normal/x86_64/src.d --serialize-diagnostics /Users/perfaram/Audio-Frameworks/TagLib/CMakeFiles/CMakeTmp/CMAKE_TRY_COMPILE.build/Debug/cmTC_c2644.build/Objects-normal/x86_64/src.dia -c /Users/perfaram/Audio-Frameworks/TagLib/CMakeFiles/CMakeTmp/src.cxx -o /Users/perfaram/Audio-Frameworks/TagLib/CMakeFiles/CMakeTmp/CMAKE_TRY_COMPILE.build/Debug/cmTC_c2644.build/Objects-normal/x86_64/src.o
/Users/perfaram/Audio-Frameworks/TagLib/CMakeFiles/CMakeTmp/src.cxx:4:5: error: use of undeclared identifier '_strdup'; did you mean 'strdup'?
    _strdup(0);
    ^~~~~~~
    strdup
In file included from /Users/perfaram/Audio-Frameworks/TagLib/CMakeFiles/CMakeTmp/src.cxx:2:
In file included from /Applications/Xcode.app/Contents/Developer/Toolchains/XcodeDefault.xctoolchain/usr/bin/../include/c++/v1/cstring:61:
/Applications/Xcode.app/Contents/Developer/Platforms/MacOSX.platform/Developer/SDKs/MacOSX10.11.sdk/usr/include/string.h:117:7: note: 'strdup' declared here
char    *strdup(const char *);
         ^
1 error generated.

Ld Debug/cmTC_c2644 normal x86_64
    cd /Users/perfaram/Audio-Frameworks/TagLib/CMakeFiles/CMakeTmp
    export MACOSX_DEPLOYMENT_TARGET=10.11
    /Applications/Xcode.app/Contents/Developer/Toolchains/XcodeDefault.xctoolchain/usr/bin/clang++ -arch x86_64 -isysroot /Applications/Xcode.app/Contents/Developer/Platforms/MacOSX.platform/Developer/SDKs/MacOSX10.11.sdk -L/Users/perfaram/Audio-Frameworks/TagLib/CMakeFiles/CMakeTmp/Debug -F/Users/perfaram/Audio-Frameworks/TagLib/CMakeFiles/CMakeTmp/Debug -filelist /Users/perfaram/Audio-Frameworks/TagLib/CMakeFiles/CMakeTmp/CMAKE_TRY_COMPILE.build/Debug/cmTC_c2644.build/Objects-normal/x86_64/cmTC_c2644.LinkFileList -mmacosx-version-min=10.11 -Xlinker -no_deduplicate -Wl,-search_paths_first -Wl,-headerpad_max_install_names -Xlinker -dependency_info -Xlinker /Users/perfaram/Audio-Frameworks/TagLib/CMakeFiles/CMakeTmp/CMAKE_TRY_COMPILE.build/Debug/cmTC_c2644.build/Objects-normal/x86_64/cmTC_c2644_dependency_info.dat -o /Users/perfaram/Audio-Frameworks/TagLib/CMakeFiles/CMakeTmp/Debug/cmTC_c2644
ld: file not found: /Users/perfaram/Audio-Frameworks/TagLib/CMakeFiles/CMakeTmp/CMAKE_TRY_COMPILE.build/Debug/cmTC_c2644.build/Objects-normal/x86_64/src.o
clang: error: linker command failed with exit code 1 (use -v to see invocation)

** BUILD FAILED **


The following build commands failed:
	CompileC CMAKE_TRY_COMPILE.build/Debug/cmTC_c2644.build/Objects-normal/x86_64/src.o src.cxx normal x86_64 c++ com.apple.compilers.llvm.clang.1_0.compiler
	Ld Debug/cmTC_c2644 normal x86_64
(2 failures)

Source file was:

  #include <cstring>
  int main() {
    _strdup(0);
    return 0;
  }

Determining if the function __RTTI___ exists in the Crun failed with the following output:
Change Dir: /Users/perfaram/Audio-Frameworks/TagLib/CMakeFiles/CMakeTmp

Run Build Command:"/usr/bin/xcodebuild" "-project" "CMAKE_TRY_COMPILE.xcodeproj" "build" "-target" "cmTC_956e9" "-configuration" "Debug"
2016-05-21 08:50:19.682 xcodebuild[86376:1984819] [MT] PluginLoading: Required plug-in compatibility UUID ACA8656B-FEA8-4B6D-8E4A-93F4C95C362C for plug-in at path '~/Library/Application Support/Developer/Shared/Xcode/Plug-ins/ROTools.xcplugin' not present in DVTPlugInCompatibilityUUIDs
2016-05-21 08:50:19.684 xcodebuild[86376:1984819] [MT] PluginLoading: Required plug-in compatibility UUID ACA8656B-FEA8-4B6D-8E4A-93F4C95C362C for plug-in at path '~/Library/Application Support/Developer/Shared/Xcode/Plug-ins/BetaWarpaint.xcplugin' not present in DVTPlugInCompatibilityUUIDs
2016-05-21 08:50:19.684 xcodebuild[86376:1984819] [MT] PluginLoading: Required plug-in compatibility UUID ACA8656B-FEA8-4B6D-8E4A-93F4C95C362C for plug-in at path '~/Library/Application Support/Developer/Shared/Xcode/Plug-ins/ACCodeSnippetRepository.xcplugin' not present in DVTPlugInCompatibilityUUIDs
objc[86376]: Class AspectTracker is implemented in both /Users/perfaram/Library/Application Support/Developer/Shared/Xcode/Plug-ins/PreciseCoverage.xcplugin/Contents/MacOS/PreciseCoverage and /Users/perfaram/Library/Application Support/Developer/Shared/Xcode/Plug-ins/HTYCopyIssue.xcplugin/Contents/MacOS/HTYCopyIssue. One of the two will be used. Which one is undefined.
objc[86376]: Class AspectIdentifier is implemented in both /Users/perfaram/Library/Application Support/Developer/Shared/Xcode/Plug-ins/PreciseCoverage.xcplugin/Contents/MacOS/PreciseCoverage and /Users/perfaram/Library/Application Support/Developer/Shared/Xcode/Plug-ins/HTYCopyIssue.xcplugin/Contents/MacOS/HTYCopyIssue. One of the two will be used. Which one is undefined.
objc[86376]: Class AspectsContainer is implemented in both /Users/perfaram/Library/Application Support/Developer/Shared/Xcode/Plug-ins/PreciseCoverage.xcplugin/Contents/MacOS/PreciseCoverage and /Users/perfaram/Library/Application Support/Developer/Shared/Xcode/Plug-ins/HTYCopyIssue.xcplugin/Contents/MacOS/HTYCopyIssue. One of the two will be used. Which one is undefined.
objc[86376]: Class AspectInfo is implemented in both /Users/perfaram/Library/Application Support/Developer/Shared/Xcode/Plug-ins/PreciseCoverage.xcplugin/Contents/MacOS/PreciseCoverage and /Users/perfaram/Library/Application Support/Developer/Shared/Xcode/Plug-ins/HTYCopyIssue.xcplugin/Contents/MacOS/HTYCopyIssue. One of the two will be used. Which one is undefined.
=== BUILD TARGET cmTC_956e9 OF PROJECT CMAKE_TRY_COMPILE WITH CONFIGURATION Debug ===

Check dependencies

Write auxiliary files
/bin/mkdir -p /Users/perfaram/Audio-Frameworks/TagLib/CMakeFiles/CMakeTmp/CMAKE_TRY_COMPILE.build/Debug/cmTC_956e9.build/Objects-normal/x86_64
write-file /Users/perfaram/Audio-Frameworks/TagLib/CMakeFiles/CMakeTmp/CMAKE_TRY_COMPILE.build/Debug/cmTC_956e9.build/Objects-normal/x86_64/cmTC_956e9.LinkFileList

CompileC CMAKE_TRY_COMPILE.build/Debug/cmTC_956e9.build/Objects-normal/x86_64/CheckFunctionExists.o /usr/local/Cellar/cmake/3.4.0/share/cmake/Modules/CheckFunctionExists.c normal x86_64 c com.apple.compilers.llvm.clang.1_0.compiler
    cd /Users/perfaram/Audio-Frameworks/TagLib/CMakeFiles/CMakeTmp
    export LANG=en_US.US-ASCII
    /Applications/Xcode.app/Contents/Developer/Toolchains/XcodeDefault.xctoolchain/usr/bin/clang -x c -arch x86_64 -fmessage-length=0 -fdiagnostics-show-note-include-stack -fmacro-backtrace-limit=0 -Wno-trigraphs -fpascal-strings -O0 -Wno-missing-field-initializers -Wno-missing-prototypes -Wno-return-type -Wno-missing-braces -Wparentheses -Wswitch -Wno-unused-function -Wno-unused-label -Wno-unused-parameter -Wno-unused-variable -Wunused-value -Wno-empty-body -Wno-uninitialized -Wno-unknown-pragmas -Wno-shadow -Wno-four-char-constants -Wno-conversion -Wno-constant-conversion -Wno-int-conversion -Wno-bool-conversion -Wno-enum-conversion -Wno-shorten-64-to-32 -Wpointer-sign -Wno-newline-eof -DCMAKE_INTDIR=\"Debug\" -isysroot /Applications/Xcode.app/Contents/Developer/Platforms/MacOSX.platform/Developer/SDKs/MacOSX10.11.sdk -fasm-blocks -fstrict-aliasing -Wdeprecated-declarations -mmacosx-version-min=10.11 -g -Wno-sign-conversion -I/Users/perfaram/Audio-Frameworks/TagLib/CMakeFiles/CMakeTmp/Debug/include -I/Users/perfaram/Audio-Frameworks/TagLib/CMakeFiles/CMakeTmp/CMAKE_TRY_COMPILE.build/Debug/cmTC_956e9.build/DerivedSources/x86_64 -I/Users/perfaram/Audio-Frameworks/TagLib/CMakeFiles/CMakeTmp/CMAKE_TRY_COMPILE.build/Debug/cmTC_956e9.build/DerivedSources -Wmost -Wno-four-char-constants -Wno-unknown-pragmas -F/Users/perfaram/Audio-Frameworks/TagLib/CMakeFiles/CMakeTmp/Debug -DCHECK_FUNCTION_EXISTS=__RTTI___ -MMD -MT dependencies -MF /Users/perfaram/Audio-Frameworks/TagLib/CMakeFiles/CMakeTmp/CMAKE_TRY_COMPILE.build/Debug/cmTC_956e9.build/Objects-normal/x86_64/CheckFunctionExists.d --serialize-diagnostics /Users/perfaram/Audio-Frameworks/TagLib/CMakeFiles/CMakeTmp/CMAKE_TRY_COMPILE.build/Debug/cmTC_956e9.build/Objects-normal/x86_64/CheckFunctionExists.dia -c /usr/local/Cellar/cmake/3.4.0/share/cmake/Modules/CheckFunctionExists.c -o /Users/perfaram/Audio-Frameworks/TagLib/CMakeFiles/CMakeTmp/CMAKE_TRY_COMPILE.build/Debug/cmTC_956e9.build/Objects-normal/x86_64/CheckFunctionExists.o

Ld Debug/cmTC_956e9 normal x86_64
    cd /Users/perfaram/Audio-Frameworks/TagLib/CMakeFiles/CMakeTmp
    export MACOSX_DEPLOYMENT_TARGET=10.11
    /Applications/Xcode.app/Contents/Developer/Toolchains/XcodeDefault.xctoolchain/usr/bin/clang -arch x86_64 -isysroot /Applications/Xcode.app/Contents/Developer/Platforms/MacOSX.platform/Developer/SDKs/MacOSX10.11.sdk -L/Users/perfaram/Audio-Frameworks/TagLib/CMakeFiles/CMakeTmp/Debug -F/Users/perfaram/Audio-Frameworks/TagLib/CMakeFiles/CMakeTmp/Debug -filelist /Users/perfaram/Audio-Frameworks/TagLib/CMakeFiles/CMakeTmp/CMAKE_TRY_COMPILE.build/Debug/cmTC_956e9.build/Objects-normal/x86_64/cmTC_956e9.LinkFileList -mmacosx-version-min=10.11 -Xlinker -no_deduplicate -Wl,-search_paths_first -Wl,-headerpad_max_install_names -lCrun -Xlinker -dependency_info -Xlinker /Users/perfaram/Audio-Frameworks/TagLib/CMakeFiles/CMakeTmp/CMAKE_TRY_COMPILE.build/Debug/cmTC_956e9.build/Objects-normal/x86_64/cmTC_956e9_dependency_info.dat -o /Users/perfaram/Audio-Frameworks/TagLib/CMakeFiles/CMakeTmp/Debug/cmTC_956e9
ld: library not found for -lCrun
clang: error: linker command failed with exit code 1 (use -v to see invocation)

** BUILD FAILED **


The following build commands failed:
	Ld Debug/cmTC_956e9 normal x86_64
(1 failure)


